<?xml version="1.0" encoding="UTF-8" ?>
<testsuite tests="3" failures="0" name="fr.pantheonsorbonne.ufr27.miage.RunnerResourceTest" time="6.151" errors="0" skipped="0">
  <properties>
[...]
</properties>
  <testcase classname="fr.pantheonsorbonne.ufr27.miage.RunnerResourceTest" name="fr.pantheonsorbonne.ufr27.miage.RunnerResourceTest.testAllOK" time="0.783"/>
  <testcase classname="fr.pantheonsorbonne.ufr27.miage.RunnerResourceTest" name="fr.pantheonsorbonne.ufr27.miage.RunnerResourceTest.testTimeout" time="5.111"/>
  <testcase classname="fr.pantheonsorbonne.ufr27.miage.RunnerResourceTest" name="fr.pantheonsorbonne.ufr27.miage.RunnerResourceTest.testCompileError" time="0.257"/>
</testsuite>